<?xml version="1.0" encoding="UTF-8"?>
<coverage generated="1655677147">
  <project timestamp="1655677147">
    <file name="/home/jesper_privat/web-udvikling/linux-image-helper/src/Exception/LinuxImageHelperException.php">
      <class name="LinuxImageHelper\Exception\LinuxImageHelperException" namespace="global">
        <metrics complexity="0" methods="0" coveredmethods="0" conditionals="0" coveredconditionals="0" statements="0" coveredstatements="0" elements="0" coveredelements="0"/>
      </class>
      <metrics loc="10" ncloc="10" classes="0" methods="0" coveredmethods="0" conditionals="0" coveredconditionals="0" statements="0" coveredstatements="0" elements="0" coveredelements="0"/>
    </file>
    <file name="/home/jesper_privat/web-udvikling/linux-image-helper/src/Model/Image.php">
      <class name="LinuxImageHelper\Model\Image" namespace="global">
        <metrics complexity="4" methods="4" coveredmethods="4" conditionals="0" coveredconditionals="0" statements="4" coveredstatements="4" elements="8" coveredelements="8"/>
      </class>
      <line num="10" type="method" name="__construct" visibility="public" complexity="1" crap="1" count="6"/>
      <line num="12" type="stmt" count="6"/>
      <line num="15" type="method" name="getWidth" visibility="public" complexity="1" crap="1" count="5"/>
      <line num="17" type="stmt" count="5"/>
      <line num="20" type="method" name="getHeight" visibility="public" complexity="1" crap="1" count="5"/>
      <line num="22" type="stmt" count="5"/>
      <line num="25" type="method" name="getImageResource" visibility="public" complexity="1" crap="1" count="5"/>
      <line num="27" type="stmt" count="5"/>
      <metrics loc="30" ncloc="29" classes="1" methods="4" coveredmethods="4" conditionals="0" coveredconditionals="0" statements="4" coveredstatements="4" elements="8" coveredelements="8"/>
    </file>
    <file name="/home/jesper_privat/web-udvikling/linux-image-helper/src/Model/JpgImage.php">
      <class name="LinuxImageHelper\Model\JpgImage" namespace="global">
        <metrics complexity="0" methods="0" coveredmethods="0" conditionals="0" coveredconditionals="0" statements="0" coveredstatements="0" elements="0" coveredelements="0"/>
      </class>
      <metrics loc="8" ncloc="8" classes="0" methods="0" coveredmethods="0" conditionals="0" coveredconditionals="0" statements="0" coveredstatements="0" elements="0" coveredelements="0"/>
    </file>
    <file name="/home/jesper_privat/web-udvikling/linux-image-helper/src/Service/ImageService.php">
      <class name="LinuxImageHelper\Service\ImageService" namespace="global">
        <metrics complexity="4" methods="3" coveredmethods="2" conditionals="0" coveredconditionals="0" statements="15" coveredstatements="14" elements="18" coveredelements="16"/>
      </class>
      <line num="10" type="method" name="resizeToHeight" visibility="public" complexity="1" crap="1" count="1"/>
      <line num="12" type="stmt" count="1"/>
      <line num="13" type="stmt" count="1"/>
      <line num="15" type="stmt" count="1"/>
      <line num="18" type="method" name="resizeToWidth" visibility="public" complexity="1" crap="1" count="1"/>
      <line num="20" type="stmt" count="1"/>
      <line num="21" type="stmt" count="1"/>
      <line num="23" type="stmt" count="1"/>
      <line num="29" type="method" name="resize" visibility="public" complexity="2" crap="2.01" count="4"/>
      <line num="31" type="stmt" count="4"/>
      <line num="32" type="stmt" count="4"/>
      <line num="34" type="stmt" count="4"/>
      <line num="41" type="stmt" count="4"/>
      <line num="42" type="stmt" count="4"/>
      <line num="45" type="stmt" count="4"/>
      <line num="46" type="stmt" count="0"/>
      <line num="49" type="stmt" count="4"/>
      <line num="51" type="stmt" count="4"/>
      <metrics loc="54" ncloc="51" classes="1" methods="3" coveredmethods="2" conditionals="0" coveredconditionals="0" statements="15" coveredstatements="14" elements="18" coveredelements="16"/>
    </file>
    <file name="/home/jesper_privat/web-udvikling/linux-image-helper/src/Service/JpgImageService.php">
      <class name="LinuxImageHelper\Service\JpgImageService" namespace="global">
        <metrics complexity="5" methods="2" coveredmethods="1" conditionals="0" coveredconditionals="0" statements="13" coveredstatements="10" elements="15" coveredelements="11"/>
      </class>
      <line num="16" type="method" name="createJpg" visibility="public" complexity="4" crap="4.32" count="5"/>
      <line num="19" type="stmt" count="5"/>
      <line num="21" type="stmt" count="5"/>
      <line num="23" type="stmt" count="0"/>
      <line num="26" type="stmt" count="5"/>
      <line num="27" type="stmt" count="5"/>
      <line num="29" type="stmt" count="5"/>
      <line num="30" type="stmt" count="0"/>
      <line num="33" type="stmt" count="5"/>
      <line num="34" type="stmt" count="0"/>
      <line num="37" type="stmt" count="5"/>
      <line num="39" type="stmt" count="5"/>
      <line num="42" type="method" name="saveJpgToDisc" visibility="public" complexity="1" crap="1" count="1"/>
      <line num="44" type="stmt" count="1"/>
      <line num="45" type="stmt" count="1"/>
      <metrics loc="48" ncloc="40" classes="1" methods="2" coveredmethods="1" conditionals="0" coveredconditionals="0" statements="13" coveredstatements="10" elements="15" coveredelements="11"/>
    </file>
    <metrics files="5" loc="150" ncloc="138" classes="3" methods="9" coveredmethods="7" conditionals="0" coveredconditionals="0" statements="32" coveredstatements="28" elements="41" coveredelements="35"/>
  </project>
</coverage>
